FDTD Solutions Version 8.17.1102 (Windows 64bit)
 expires (month/day/year): 1/26/2018
using config file: C:/Users/uqml/AppData/Roaming/Lumerical/FDTD Solutions.ini
license host: <a href=http://lumerical-lm.iqc.uwaterloo.ca:8095>lumerical-lm.iqc.uwaterloo.ca:8095</a>
current time: Thu Nov 09 08:45:25 2017
Running on host: DESKTOP-GMR89VO
All processes are communicating and ready to proceed to simulation...
Running fsp file: C:\Program Files\Lumerical\FDTD\bin\fdtd-engine-msmpi.exe -remote E:/Photonic Crystal Codes/Lumerical Green Function Code/Youn/Batch_v4/Vacuumy.fsp
number of processors is 40
processors are distributed as: 10x4x1
Running 3D Simulation
Starting meshing
Simulation size in gridpoints: 41 x 30 x 29
Refined 0 mesh cells (0%)
Completed meshing!
Meshing complete in 0.015625 seconds of CPU time
0 0
Starting meshing
Simulation size in gridpoints: 41 x 30 x 29
Refined 0 mesh cells (0%)
Completed meshing!
Meshing complete in 0 seconds of CPU time
0 0
Starting meshing
Simulation size in gridpoints: 41 x 30 x 29
Refined 0 mesh cells (0%)
Completed meshing!
Meshing complete in 0.015625 seconds of CPU time
0 0
finished material properties
Using selected optimization level: 2
Selecting 3d kernel for splitFieldDirection=0 and optLevel=2
-----------------------------------------
Beginning initialization of 3D Simulation
Starting to add sources to simulation
Adding 3D point Source
Starting to add boundary conditions to simulation
Adding 3D Symmetric BC
Adding 3D Parallel BC
Adding 3D Anti-Symmetric BC
Adding 3D Parallel BC
Adding 3D Symmetric BC
Adding 3D PML BC
Starting to add monitors to Simulation
Adding analysis monitor
Adding 3D DFT monitor
Adding 3D index monitor
Finished initialization of 3D Simulation
-----------------------------------------
All processes are communicating and ready to proceed to simulation...
Starting 16238102 total iterations
0% complete. Max time remaining: 26 hrs, 51 mins, 24 secs. Auto Shutoff: 1
100% complete. Max time remaining: 0 mins, 0 secs. Auto Shutoff: 9.93507e-012
Early termination of simulation, the autoshutoff criteria are satisfied.
Completed 2229 iterations, or 1.373658e-013s of Simulation Time
Process 0 starting to collect data
    collecting monitor data
    collecting source data
Finished collecting data
Simulation completed successfully at: Thu Nov 09 08:45:42 2017
Overall wall time measurements in seconds:
    time to mesh and initialize: 0
    time to run FDTD simulation: 13
    time to finalize data and save to files: 4
    FDTD solver speed: 6.11603 Mnodes/s
    total FDTD solver speed on 40 processes: 244.641 Mnodes/s
