FDTD Solutions Version 8.18.1262 (Linux 64bit)
 expires (month/day/year): 1/26/2018
using config file: /home/uqml/.config/Lumerical/FDTD Solutions.ini
license host: <a href=http://lumerical-lm.iqc.uwaterloo.ca:8095>lumerical-lm.iqc.uwaterloo.ca:8095</a>
current time: Tue Nov  7 15:25:51 2017
Running on host: dyn-129-97-41-245.dynamic.uwaterloo.ca
All processes are communicating and ready to proceed to simulation...
Running fsp file: /opt/lumerical/fdtd/bin/fdtd-engine-mpich2nem -t 1 -remote /home/uqml/DATA/Lumerical/Programs/Double_Side_illumination/SideShiny.fsp
number of processors is 64
processors are distributed as: 8x4x2
Running 3D Simulation
Starting meshing
Simulation size in gridpoints: 108 x 110 x 169
Refined 0 mesh cells (0%)
Completed meshing!
Meshing complete in 4.79 seconds of CPU time
Starting meshing
Simulation size in gridpoints: 108 x 110 x 169
Refined 0 mesh cells (0%)
Completed meshing!
Meshing complete in 4.58 seconds of CPU time
Starting meshing
Simulation size in gridpoints: 108 x 110 x 169
Refined 0 mesh cells (0%)
Completed meshing!
Meshing complete in 4.24 seconds of CPU time
0 0
0 0
0 0
finished material properties
Meshing Time: 0 seconds, Init Electrical Material Time: 0 seconds, Init Magnetic Material Time: 0
Using selected optimization level: 2
Selecting 3d kernel for splitFieldDirection=0 and optLevel=2
-----------------------------------------
Beginning initialization of 3D Simulation
Starting to add sources to simulation
Adding 3D Gaussian source propagating in Z
Reverted to narrowband source injection
Starting to add boundary conditions to simulation
Adding 3D PML BC
Adding 3D Parallel BC
Adding 3D PML BC
Adding 3D Parallel BC
Adding 3D PML BC
Adding 3D Parallel BC
Starting to add monitors to Simulation
Adding analysis monitor
Adding 3D index monitor
Adding 3D index monitor
Adding 3D DFT monitor
Adding 3D DFT monitor
Adding 3D DFT monitor
Finished initialization of 3D Simulation
-----------------------------------------
All processes are communicating and ready to proceed to simulation...
Starting 8660 total iterations
0% complete. Max time remaining: 58 mins, 7 secs. Auto Shutoff: 1
1% complete. Max time remaining: 57 mins, 51 secs. Auto Shutoff: 1
Early termination of simulation by user request
Completed 128 iterations, or 4.930133e-15s of Simulation Time
Process 0 starting to collect data
    collecting monitor data
    collecting source data
Reverted to narrowband source injection
Finished collecting data
